2025-07-26 17:21:59,270 - INFO - شروع برنامه...
2025-07-26 17:21:59,270 - INFO - شروع تست رمزنگاری...
2025-07-26 17:21:59,271 - INFO - داده رمزنگاری شده: ShtdVlP9mUmBCoYFAhIXSw==, IV: 0i1wVVeMBMh3H6/UeD4yQg==
2025-07-26 17:21:59,271 - INFO - داده رمزگشایی شده: 1000
2025-07-26 17:21:59,271 - INFO - تست رمزنگاری با موفقیت انجام شد!
2025-07-26 17:21:59,272 - INFO - ساخت کانفیگ...
2025-07-26 17:21:59,272 - INFO - URL پایه: http://178.131.66.32:7373/api/Devices/Register/
2025-07-26 17:21:59,272 - INFO - ثبت دستگاه با کد: 1000c2b2
2025-07-26 17:21:59,599 - ERROR - خطا در اجرای برنامه: دستگاه در حال حاضر رجیستر شده است.
2025-07-26 17:39:16,191 - INFO - شروع برنامه...
2025-07-26 17:39:16,192 - INFO - شروع تست رمزنگاری...
2025-07-26 17:39:16,193 - INFO - داده رمزنگاری شده: CDR8pyXfT5D+C4xjxVd8dg==, IV: eNdxoz4HL0RAa+irdtlgzQ==
2025-07-26 17:39:16,193 - INFO - داده رمزگشایی شده: 1000
2025-07-26 17:39:16,193 - INFO - تست رمزنگاری با موفقیت انجام شد!
2025-07-26 17:39:16,193 - INFO - ساخت کانفیگ...
2025-07-26 17:39:16,193 - INFO - URL پایه: http://178.131.66.32:7373/api/Devices/Register/
2025-07-26 17:39:16,193 - INFO - ثبت دستگاه با کد: 1000c2b2
2025-07-26 17:39:21,209 - ERROR - خطا در اجرای برنامه: Expecting value: line 1 column 1 (char 0)
2025-07-26 17:40:05,117 - INFO - شروع برنامه...
2025-07-26 17:40:05,117 - INFO - شروع تست رمزنگاری...
2025-07-26 17:40:05,118 - INFO - داده رمزنگاری شده: rFZHDy2dkNoT39zwPGg33w==, IV: Scj4hIQt2ns+NOlESbx39g==
2025-07-26 17:40:05,118 - INFO - داده رمزگشایی شده: 1000
2025-07-26 17:40:05,118 - INFO - تست رمزنگاری با موفقیت انجام شد!
2025-07-26 17:40:05,118 - INFO - ساخت کانفیگ...
2025-07-26 17:40:05,118 - INFO - URL پایه: http://178.131.66.32:7373/api/Devices/Register/
2025-07-26 17:40:05,118 - INFO - ثبت دستگاه با کد: 1000c2b2
2025-07-26 17:40:10,133 - ERROR - خطا در اجرای برنامه: Expecting value: line 1 column 1 (char 0)
2025-07-26 17:45:30,229 - INFO - شروع برنامه...
2025-07-26 17:45:30,229 - INFO - شروع تست رمزنگاری...
2025-07-26 17:45:30,230 - INFO - داده رمزنگاری شده: 9793LzKTml5Jz6Z3Xa8pGw==, IV: OdyDyDXHtXFCqju8qqDKxA==
2025-07-26 17:45:30,230 - INFO - داده رمزگشایی شده: 1000
2025-07-26 17:45:30,230 - INFO - تست رمزنگاری با موفقیت انجام شد!
2025-07-26 17:45:30,230 - INFO - ساخت کانفیگ...
2025-07-26 17:45:30,230 - INFO - URL پایه: http://178.131.66.32:7373/api/Devices/Register/
2025-07-26 17:45:30,230 - INFO - ثبت دستگاه با کد: 1000c2b2
2025-07-26 17:45:34,218 - ERROR - خطا در اجرای برنامه: دستگاه در حال حاضر رجیستر شده است.
2025-07-26 18:07:22,162 - INFO - شروع برنامه...
2025-07-26 18:07:27,182 - ERROR - خطا در تست اتصال: HTTPConnectionPool(host='127.0.0.1', port=12334): Read timed out. (read timeout=5)
2025-07-26 18:07:32,219 - INFO - دریافت آیتم‌ها...
2025-07-26 18:07:32,223 - ERROR - خطا در دریافت آیتم‌ها: 'NoneType' object has no attribute 'get_items'
2025-07-26 18:10:23,083 - INFO - شروع برنامه...
2025-07-26 18:10:24,349 - INFO - تست اتصال: کد وضعیت 404
2025-07-26 18:10:46,542 - INFO - شروع برنامه...
2025-07-26 18:10:46,793 - INFO - تست اتصال: کد وضعیت 404
2025-07-26 18:10:52,106 - INFO - دریافت آیتم‌ها...
2025-07-26 18:10:52,107 - ERROR - خطا در دریافت آیتم‌ها: 'NoneType' object has no attribute 'get_items'
2025-07-26 18:11:01,578 - INFO - دریافت مشتریان...
2025-07-26 18:11:01,579 - ERROR - خطا در دریافت مشتریان: 'NoneType' object has no attribute 'get_customers'
2025-07-26 18:11:06,738 - INFO - دریافت فاکتورها...
2025-07-26 18:11:06,739 - ERROR - خطا در دریافت فاکتورها: 'NoneType' object has no attribute 'get_invoices'
2025-07-26 18:32:21,504 - INFO - شروع برنامه...
2025-07-26 18:32:47,557 - ERROR - خطا در تست اتصال: HTTPConnectionPool(host='127.0.0.1', port=12334): Max retries exceeded with url: http://178.131.66.32:7373/ (Caused by ReadTimeoutError("HTTPConnectionPool(host='127.0.0.1', port=12334): Read timed out. (read timeout=5)"))
2025-07-26 18:32:51,639 - ERROR - اتصال به سرور برقرار نشد.
2025-07-26 18:33:04,269 - INFO - دریافت آیتم‌ها...
2025-07-26 18:33:04,269 - ERROR - خطا در دریافت آیتم‌ها: 'NoneType' object has no attribute 'get_items'
2025-07-26 18:43:19,015 - INFO - شروع برنامه...
2025-07-26 18:43:20,398 - INFO - تست اتصال: کد وضعیت 404, پاسخ: {"Type":1,"Message":"صفحه درخواست شده پیدا نشد."}
2025-07-26 18:43:23,971 - ERROR - اتصال به سرور برقرار نشد.
2025-07-26 18:43:32,586 - INFO - شروع برنامه...
2025-07-26 18:43:32,830 - INFO - تست اتصال: کد وضعیت 404, پاسخ: {"Type":1,"Message":"صفحه درخواست شده پیدا نشد."}
2025-07-26 18:43:34,183 - ERROR - اتصال به سرور برقرار نشد.
2025-07-27 10:27:16,741 - INFO - شروع برنامه...
2025-07-27 10:27:42,782 - ERROR - خطا در تست اتصال: HTTPConnectionPool(host='178.131.66.32', port=7373): Max retries exceeded with url: / (Caused by ConnectTimeoutError(<urllib3.connection.HTTPConnection object at 0x000001A58D633490>, 'Connection to 178.131.66.32 timed out. (connect timeout=5)'))
2025-07-27 10:29:15,551 - ERROR - اتصال به سرور برقرار نشد.
2025-07-27 10:38:44,409 - INFO - شروع برنامه...
2025-07-27 10:38:44,798 - INFO - تست اتصال: کد وضعیت 404, پاسخ: {"Type":1,"Message":"صفحه درخواست شده پیدا نشد."}
2025-07-27 10:38:48,011 - ERROR - اتصال به سرور برقرار نشد.
2025-07-27 15:27:54,754 - INFO - شروع برنامه...
2025-07-27 15:28:20,849 - ERROR - خطا در تست اتصال: HTTPConnectionPool(host='178.131.66.32', port=7373): Max retries exceeded with url: / (Caused by ConnectTimeoutError(<urllib3.connection.HTTPConnection object at 0x000002906F113490>, 'Connection to 178.131.66.32 timed out. (connect timeout=5)'))
2025-07-27 15:41:21,144 - ERROR - اتصال به سرور برقرار نشد.
2025-07-27 15:41:22,733 - INFO - دریافت آیتم‌ها...
2025-07-27 15:41:22,743 - ERROR - خطا در دریافت آیتم‌ها: 'NoneType' object has no attribute 'get_items'
2025-07-27 15:58:54,540 - INFO - شروع برنامه...
2025-07-27 15:59:20,674 - ERROR - خطا در تست اتصال: HTTPConnectionPool(host='127.0.0.1', port=12334): Max retries exceeded with url: http://178.131.66.32:7373/ (Caused by ReadTimeoutError("HTTPConnectionPool(host='127.0.0.1', port=12334): Read timed out. (read timeout=5)"))
2025-07-27 15:59:24,747 - ERROR - اتصال به سرور برقرار نشد.
2025-07-28 11:58:12,353 - INFO - شروع برنامه...
2025-07-28 11:58:12,403 - INFO - تست اتصال: کد وضعیت 404, پاسخ: {"Type":1,"Message":"صفحه درخواست شده پیدا نشد."}
2025-07-28 11:58:15,964 - ERROR - اتصال به سرور برقرار نشد.
